2025-06-21 21:55:40,845 - INFO - Initialized LivePairTrader: ADA/USDT vs BNB/USDT
2025-06-21 21:55:40,846 - INFO - Initial Capital: $1,000.00
2025-06-21 21:55:40,846 - INFO - Paper Trading: True
2025-06-21 21:55:40,846 - INFO - No previous state found, starting fresh
2025-06-21 21:55:40,846 - INFO - Starting live pair trading loop...
2025-06-21 23:13:58,764 - INFO - Initialized LivePairTrader: ADA/USDT vs BNB/USDT
2025-06-21 23:13:58,764 - INFO - Initial Capital: $1,000.00
2025-06-21 23:13:58,765 - INFO - Paper Trading: True
2025-06-21 23:13:58,765 - INFO - Loaded previous trading state
2025-06-21 23:13:58,765 - INFO - Starting live pair trading loop...
2025-06-21 23:35:50,384 - INFO - PAPER TRADE: Short spread - Sell ADA/USDT, Buy BNB/USDT
2025-06-21 23:42:57,533 - INFO - Closed all positions. Cash: $3.94
2025-06-21 23:42:57,535 - INFO - PAPER TRADE: Long spread - Buy ADA/USDT, Sell BNB/USDT
2025-06-22 00:17:43,852 - ERROR - Error fetching prices: binanceus GET https://testnet.binance.vision/api/v3/ticker/24hr?symbol=ADAUSDT
2025-06-22 00:17:43,854 - WARNING - Could not fetch prices, retrying...
2025-06-22 00:58:03,286 - ERROR - Error fetching prices: binanceus GET https://testnet.binance.vision/api/v3/ticker/24hr?symbol=ADAUSDT
2025-06-22 00:58:03,287 - WARNING - Could not fetch prices, retrying...
2025-06-22 01:44:15,345 - ERROR - Error fetching prices: binanceus GET https://testnet.binance.vision/api/v3/ticker/24hr?symbol=ADAUSDT
2025-06-22 01:44:15,346 - WARNING - Could not fetch prices, retrying...
2025-06-22 02:26:35,231 - ERROR - Error fetching prices: binanceus GET https://testnet.binance.vision/api/v3/ticker/24hr?symbol=ADAUSDT
2025-06-22 02:26:35,233 - WARNING - Could not fetch prices, retrying...
2025-06-22 03:05:13,685 - ERROR - Error fetching prices: binanceus GET https://testnet.binance.vision/api/v3/ticker/24hr?symbol=ADAUSDT
2025-06-22 03:05:13,686 - WARNING - Could not fetch prices, retrying...
2025-06-22 03:28:32,472 - ERROR - Error fetching prices: binanceus GET https://testnet.binance.vision/api/v3/ticker/24hr?symbol=ADAUSDT
2025-06-22 03:28:32,473 - WARNING - Could not fetch prices, retrying...
2025-06-22 04:02:44,660 - ERROR - Error fetching prices: binanceus GET https://testnet.binance.vision/api/v3/ticker/24hr?symbol=ADAUSDT
2025-06-22 04:02:44,662 - WARNING - Could not fetch prices, retrying...
2025-06-22 04:14:58,737 - ERROR - Error fetching prices: binanceus GET https://testnet.binance.vision/api/v3/ticker/24hr?symbol=ADAUSDT
2025-06-22 04:14:58,738 - WARNING - Could not fetch prices, retrying...
2025-06-22 05:06:15,566 - ERROR - Error fetching prices: binanceus GET https://testnet.binance.vision/api/v3/ticker/24hr?symbol=ADAUSDT
2025-06-22 05:06:15,568 - WARNING - Could not fetch prices, retrying...
2025-06-22 05:24:29,142 - ERROR - Error fetching prices: binanceus GET https://testnet.binance.vision/api/v3/ticker/24hr?symbol=ADAUSDT
2025-06-22 05:24:29,144 - WARNING - Could not fetch prices, retrying...
2025-06-22 06:01:48,824 - ERROR - Error fetching prices: binanceus GET https://testnet.binance.vision/api/v3/ticker/24hr?symbol=ADAUSDT
2025-06-22 06:01:48,825 - WARNING - Could not fetch prices, retrying...
2025-06-22 06:27:13,309 - ERROR - Error fetching prices: binanceus GET https://testnet.binance.vision/api/v3/ticker/24hr?symbol=ADAUSDT
2025-06-22 06:27:13,310 - WARNING - Could not fetch prices, retrying...
2025-06-22 06:37:38,742 - ERROR - Error fetching prices: binanceus GET https://testnet.binance.vision/api/v3/ticker/24hr?symbol=ADAUSDT
2025-06-22 06:37:38,743 - WARNING - Could not fetch prices, retrying...
2025-06-22 06:56:34,861 - ERROR - Error fetching prices: binanceus GET https://testnet.binance.vision/api/v3/ticker/24hr?symbol=ADAUSDT
2025-06-22 06:56:34,863 - WARNING - Could not fetch prices, retrying...
2025-06-22 07:22:00,980 - ERROR - Error fetching prices: binanceus GET https://testnet.binance.vision/api/v3/ticker/24hr?symbol=ADAUSDT
2025-06-22 07:22:00,980 - WARNING - Could not fetch prices, retrying...
2025-06-22 07:30:54,051 - ERROR - Error fetching prices: binanceus GET https://testnet.binance.vision/api/v3/ticker/24hr?symbol=ADAUSDT
2025-06-22 07:30:54,053 - WARNING - Could not fetch prices, retrying...
2025-06-22 07:51:46,086 - ERROR - Error fetching prices: binanceus GET https://testnet.binance.vision/api/v3/ticker/24hr?symbol=ADAUSDT
2025-06-22 07:51:46,088 - WARNING - Could not fetch prices, retrying...
2025-06-22 08:01:56,559 - INFO - Closed all positions. Cash: $0.01
2025-06-22 08:01:56,560 - INFO - PAPER TRADE: Short spread - Sell ADA/USDT, Buy BNB/USDT
2025-06-22 08:20:27,946 - INFO - Closed all positions. Cash: $0.00
2025-06-22 08:20:27,949 - INFO - PAPER TRADE: Long spread - Buy ADA/USDT, Sell BNB/USDT
2025-06-22 08:43:38,060 - ERROR - Error fetching prices: binanceus GET https://testnet.binance.vision/api/v3/ticker/24hr?symbol=ADAUSDT
2025-06-22 08:43:38,061 - WARNING - Could not fetch prices, retrying...
2025-06-22 08:58:59,833 - ERROR - Error fetching prices: binanceus GET https://testnet.binance.vision/api/v3/ticker/24hr?symbol=ADAUSDT
2025-06-22 08:58:59,834 - WARNING - Could not fetch prices, retrying...
2025-06-22 09:14:06,341 - ERROR - Error fetching prices: binanceus GET https://testnet.binance.vision/api/v3/ticker/24hr?symbol=ADAUSDT
2025-06-22 09:14:06,341 - WARNING - Could not fetch prices, retrying...
2025-06-22 11:23:39,856 - INFO - Initialized LivePairTrader: ADA/USDT vs BNB/USDT
2025-06-22 11:23:39,856 - INFO - Initial Capital: $1,000.00
2025-06-22 11:23:39,856 - INFO - Paper Trading: True
2025-06-22 11:23:39,856 - INFO - Initialized LivePairTrader: ADA/USDT vs BNB/USDT
2025-06-22 11:23:39,856 - INFO - Initial Capital: $1,000.00
2025-06-22 11:23:39,856 - INFO - Paper Trading: True
2025-06-22 11:23:39,857 - INFO - Initialized LivePairTrader: ADA/USDT vs BNB/USDT
2025-06-22 11:23:39,857 - INFO - Initial Capital: $1,000.00
2025-06-22 11:23:39,857 - INFO - Paper Trading: True
2025-06-22 11:23:39,857 - INFO - Initialized LivePairTrader: ADA/USDT vs BNB/USDT
2025-06-22 11:23:39,857 - INFO - Initial Capital: $1,000.00
2025-06-22 11:23:39,857 - INFO - Paper Trading: True
2025-06-22 11:23:39,857 - INFO - Initialized LivePairTrader: ADA/USDT vs BNB/USDT
2025-06-22 11:23:39,857 - INFO - Initial Capital: $1,000.00
2025-06-22 11:23:39,857 - INFO - Paper Trading: True
2025-06-22 11:23:39,857 - INFO - Initialized LivePairTrader: ADA/USDT vs BNB/USDT
2025-06-22 11:23:39,857 - INFO - Initial Capital: $1,000.00
2025-06-22 11:23:39,857 - INFO - Paper Trading: True
2025-06-22 11:23:39,857 - INFO - PAPER TRADE: Long spread - Buy ADA/USDT, Sell BNB/USDT
2025-06-22 11:23:39,858 - INFO - Initialized LivePairTrader: ADA/USDT vs BNB/USDT
2025-06-22 11:23:39,858 - INFO - Initial Capital: $1,000.00
2025-06-22 11:23:39,858 - INFO - Paper Trading: True
2025-06-22 11:23:39,858 - INFO - Initialized LivePairTrader: ADA/USDT vs BNB/USDT
2025-06-22 11:23:39,858 - INFO - Initial Capital: $1,000.00
2025-06-22 11:23:39,858 - INFO - Paper Trading: True
2025-06-22 11:23:39,858 - INFO - Initialized LivePairTrader: ADA/USDT vs BNB/USDT
2025-06-22 11:23:39,858 - INFO - Initial Capital: $1,000.00
2025-06-22 11:23:39,858 - INFO - Paper Trading: True
2025-06-22 11:23:39,858 - INFO - Initialized LivePairTrader: ADA/USDT vs BNB/USDT
2025-06-22 11:23:39,858 - INFO - Initial Capital: $1,000.00
2025-06-22 11:23:39,858 - INFO - Paper Trading: True
2025-06-22 11:23:39,858 - INFO - PAPER TRADE: Long spread - Buy ADA/USDT, Sell BNB/USDT
2025-06-22 11:24:01,071 - INFO - Initialized LivePairTrader: ADA/USDT vs BNB/USDT
2025-06-22 11:24:01,071 - INFO - Initial Capital: $1,000.00
2025-06-22 11:24:01,071 - INFO - Paper Trading: True
2025-06-22 11:24:01,072 - INFO - Initialized LivePairTrader: ADA/USDT vs BNB/USDT
2025-06-22 11:24:01,072 - INFO - Initial Capital: $1,000.00
2025-06-22 11:24:01,072 - INFO - Paper Trading: True
2025-06-22 11:24:01,072 - INFO - Initialized LivePairTrader: ADA/USDT vs BNB/USDT
2025-06-22 11:24:01,072 - INFO - Initial Capital: $1,000.00
2025-06-22 11:24:01,072 - INFO - Paper Trading: True
2025-06-22 11:24:01,072 - INFO - Initialized LivePairTrader: ADA/USDT vs BNB/USDT
2025-06-22 11:24:01,072 - INFO - Initial Capital: $1,000.00
2025-06-22 11:24:01,072 - INFO - Paper Trading: True
2025-06-22 11:24:01,072 - INFO - Initialized LivePairTrader: ADA/USDT vs BNB/USDT
2025-06-22 11:24:01,072 - INFO - Initial Capital: $1,000.00
2025-06-22 11:24:01,072 - INFO - Paper Trading: True
2025-06-22 11:24:01,072 - INFO - Initialized LivePairTrader: ADA/USDT vs BNB/USDT
2025-06-22 11:24:01,072 - INFO - Initial Capital: $1,000.00
2025-06-22 11:24:01,072 - INFO - Paper Trading: True
2025-06-22 11:24:01,072 - INFO - PAPER TRADE: Long spread - Buy ADA/USDT, Sell BNB/USDT
2025-06-22 11:24:01,073 - INFO - Initialized LivePairTrader: ADA/USDT vs BNB/USDT
2025-06-22 11:24:01,073 - INFO - Initial Capital: $1,000.00
2025-06-22 11:24:01,073 - INFO - Paper Trading: True
2025-06-22 11:24:01,073 - INFO - Initialized LivePairTrader: ADA/USDT vs BNB/USDT
2025-06-22 11:24:01,073 - INFO - Initial Capital: $1,000.00
2025-06-22 11:24:01,073 - INFO - Paper Trading: True
2025-06-22 11:24:01,073 - INFO - Initialized LivePairTrader: ADA/USDT vs BNB/USDT
2025-06-22 11:24:01,073 - INFO - Initial Capital: $1,000.00
2025-06-22 11:24:01,073 - INFO - Paper Trading: True
2025-06-22 11:24:01,074 - INFO - Initialized LivePairTrader: ADA/USDT vs BNB/USDT
2025-06-22 11:24:01,074 - INFO - Initial Capital: $1,000.00
2025-06-22 11:24:01,074 - INFO - Paper Trading: True
2025-06-22 11:24:01,074 - INFO - PAPER TRADE: Long spread - Buy ADA/USDT, Sell BNB/USDT
2025-06-22 11:24:42,428 - INFO - Initialized LivePairTrader: ADA/USDT vs BNB/USDT
2025-06-22 11:24:42,428 - INFO - Initial Capital: $1,000.00
2025-06-22 11:24:42,428 - INFO - Paper Trading: True
2025-06-22 11:24:42,428 - INFO - Initialized LivePairTrader: ADA/USDT vs BNB/USDT
2025-06-22 11:24:42,428 - INFO - Initial Capital: $1,000.00
2025-06-22 11:24:42,428 - INFO - Paper Trading: True
2025-06-22 11:24:42,428 - INFO - Initialized LivePairTrader: ADA/USDT vs BNB/USDT
2025-06-22 11:24:42,428 - INFO - Initial Capital: $1,000.00
2025-06-22 11:24:42,428 - INFO - Paper Trading: True
2025-06-22 11:24:42,428 - INFO - Initialized LivePairTrader: ADA/USDT vs BNB/USDT
2025-06-22 11:24:42,428 - INFO - Initial Capital: $1,000.00
2025-06-22 11:24:42,428 - INFO - Paper Trading: True
2025-06-22 11:24:42,429 - INFO - Initialized LivePairTrader: ADA/USDT vs BNB/USDT
2025-06-22 11:24:42,429 - INFO - Initial Capital: $1,000.00
2025-06-22 11:24:42,429 - INFO - Paper Trading: True
2025-06-22 11:24:42,429 - INFO - Initialized LivePairTrader: ADA/USDT vs BNB/USDT
2025-06-22 11:24:42,429 - INFO - Initial Capital: $1,000.00
2025-06-22 11:24:42,429 - INFO - Paper Trading: True
2025-06-22 11:24:42,429 - INFO - PAPER TRADE: Long spread - Buy ADA/USDT, Sell BNB/USDT
2025-06-22 11:24:42,429 - INFO - Initialized LivePairTrader: ADA/USDT vs BNB/USDT
2025-06-22 11:24:42,429 - INFO - Initial Capital: $1,000.00
2025-06-22 11:24:42,429 - INFO - Paper Trading: True
2025-06-22 11:24:42,429 - INFO - Initialized LivePairTrader: ADA/USDT vs BNB/USDT
2025-06-22 11:24:42,429 - INFO - Initial Capital: $1,000.00
2025-06-22 11:24:42,429 - INFO - Paper Trading: True
2025-06-22 11:24:42,430 - INFO - Initialized LivePairTrader: ADA/USDT vs BNB/USDT
2025-06-22 11:24:42,430 - INFO - Initial Capital: $1,000.00
2025-06-22 11:24:42,430 - INFO - Paper Trading: True
2025-06-22 11:24:42,430 - INFO - Initialized LivePairTrader: ADA/USDT vs BNB/USDT
2025-06-22 11:24:42,430 - INFO - Initial Capital: $1,000.00
2025-06-22 11:24:42,430 - INFO - Paper Trading: True
2025-06-22 11:24:42,430 - INFO - PAPER TRADE: Long spread - Buy ADA/USDT, Sell BNB/USDT
2025-06-22 11:25:06,082 - INFO - Initialized LivePairTrader: ADA/USDT vs BNB/USDT
2025-06-22 11:25:06,082 - INFO - Initial Capital: $1,000.00
2025-06-22 11:25:06,082 - INFO - Paper Trading: True
2025-06-22 11:25:06,082 - INFO - PAPER TRADE: Long spread - Buy ADA/USDT, Sell BNB/USDT
2025-06-22 11:25:31,983 - INFO - Initialized LivePairTrader: ADA/USDT vs BNB/USDT
2025-06-22 11:25:31,983 - INFO - Initial Capital: $1,000.00
2025-06-22 11:25:31,983 - INFO - Paper Trading: True
2025-06-22 11:25:31,983 - INFO - PAPER TRADE: Long spread - Buy ADA/USDT, Sell BNB/USDT
2025-06-22 11:25:58,284 - INFO - Initialized LivePairTrader: ADA/USDT vs BNB/USDT
2025-06-22 11:25:58,284 - INFO - Initial Capital: $1,000.00
2025-06-22 11:25:58,284 - INFO - Paper Trading: True
2025-06-22 11:25:58,284 - INFO - PAPER TRADE: Long spread - Buy ADA/USDT, Sell BNB/USDT
2025-06-22 11:25:58,284 - INFO - Closed all positions. Cash: $55.00
2025-06-22 11:25:58,284 - INFO - PAPER TRADE: Short spread - Sell ADA/USDT, Buy BNB/USDT
2025-06-22 11:26:12,155 - INFO - Initialized LivePairTrader: ADA/USDT vs BNB/USDT
2025-06-22 11:26:12,156 - INFO - Initial Capital: $1,000.00
2025-06-22 11:26:12,156 - INFO - Paper Trading: True
2025-06-22 11:26:12,156 - INFO - Initialized LivePairTrader: ADA/USDT vs BNB/USDT
2025-06-22 11:26:12,156 - INFO - Initial Capital: $1,000.00
2025-06-22 11:26:12,156 - INFO - Paper Trading: True
2025-06-22 11:26:12,156 - INFO - Initialized LivePairTrader: ADA/USDT vs BNB/USDT
2025-06-22 11:26:12,156 - INFO - Initial Capital: $1,000.00
2025-06-22 11:26:12,156 - INFO - Paper Trading: True
2025-06-22 11:26:12,156 - INFO - Initialized LivePairTrader: ADA/USDT vs BNB/USDT
2025-06-22 11:26:12,156 - INFO - Initial Capital: $1,000.00
2025-06-22 11:26:12,156 - INFO - Paper Trading: True
2025-06-22 11:26:12,156 - INFO - Initialized LivePairTrader: ADA/USDT vs BNB/USDT
2025-06-22 11:26:12,156 - INFO - Initial Capital: $1,000.00
2025-06-22 11:26:12,156 - INFO - Paper Trading: True
2025-06-22 11:26:12,157 - INFO - Initialized LivePairTrader: ADA/USDT vs BNB/USDT
2025-06-22 11:26:12,157 - INFO - Initial Capital: $1,000.00
2025-06-22 11:26:12,157 - INFO - Paper Trading: True
2025-06-22 11:26:12,157 - INFO - PAPER TRADE: Long spread - Buy ADA/USDT, Sell BNB/USDT
2025-06-22 11:26:12,158 - INFO - Initialized LivePairTrader: ADA/USDT vs BNB/USDT
2025-06-22 11:26:12,158 - INFO - Initial Capital: $1,000.00
2025-06-22 11:26:12,158 - INFO - Paper Trading: True
2025-06-22 11:26:12,158 - INFO - Initialized LivePairTrader: ADA/USDT vs BNB/USDT
2025-06-22 11:26:12,158 - INFO - Initial Capital: $1,000.00
2025-06-22 11:26:12,158 - INFO - Paper Trading: True
2025-06-22 11:26:12,158 - INFO - Initialized LivePairTrader: ADA/USDT vs BNB/USDT
2025-06-22 11:26:12,158 - INFO - Initial Capital: $1,000.00
2025-06-22 11:26:12,158 - INFO - Paper Trading: True
2025-06-22 11:26:12,158 - INFO - Initialized LivePairTrader: ADA/USDT vs BNB/USDT
2025-06-22 11:26:12,158 - INFO - Initial Capital: $1,000.00
2025-06-22 11:26:12,158 - INFO - Paper Trading: True
2025-06-22 11:26:12,158 - INFO - PAPER TRADE: Long spread - Buy ADA/USDT, Sell BNB/USDT
2025-06-22 11:27:01,895 - INFO - Initialized LivePairTrader: ADA/USDT vs BNB/USDT
2025-06-22 11:27:01,896 - INFO - Initial Capital: $1,000.00
2025-06-22 11:27:01,896 - INFO - Paper Trading: True
2025-06-22 11:27:01,896 - INFO - Initialized LivePairTrader: ADA/USDT vs BNB/USDT
2025-06-22 11:27:01,896 - INFO - Initial Capital: $1,000.00
2025-06-22 11:27:01,896 - INFO - Paper Trading: True
2025-06-22 11:27:01,896 - INFO - Initialized LivePairTrader: ADA/USDT vs BNB/USDT
2025-06-22 11:27:01,896 - INFO - Initial Capital: $1,000.00
2025-06-22 11:27:01,896 - INFO - Paper Trading: True
2025-06-22 11:27:01,896 - INFO - Initialized LivePairTrader: ADA/USDT vs BNB/USDT
2025-06-22 11:27:01,896 - INFO - Initial Capital: $1,000.00
2025-06-22 11:27:01,896 - INFO - Paper Trading: True
2025-06-22 11:27:01,896 - INFO - Initialized LivePairTrader: ADA/USDT vs BNB/USDT
2025-06-22 11:27:01,896 - INFO - Initial Capital: $1,000.00
2025-06-22 11:27:01,896 - INFO - Paper Trading: True
2025-06-22 11:27:01,897 - INFO - Initialized LivePairTrader: ADA/USDT vs BNB/USDT
2025-06-22 11:27:01,897 - INFO - Initial Capital: $1,000.00
2025-06-22 11:27:01,897 - INFO - Paper Trading: True
2025-06-22 11:27:01,897 - INFO - PAPER TRADE: Long spread - Buy ADA/USDT, Sell BNB/USDT
2025-06-22 11:27:01,897 - INFO - Closed all positions. Cash: $22.00
2025-06-22 11:27:01,897 - INFO - PAPER TRADE: Short spread - Sell ADA/USDT, Buy BNB/USDT
2025-06-22 11:27:01,897 - INFO - Closed all positions. Cash: $45.49
2025-06-22 11:27:01,897 - INFO - PAPER TRADE: Long spread - Buy ADA/USDT, Sell BNB/USDT
2025-06-22 11:27:01,897 - INFO - Closed all positions. Cash: $34.22
2025-06-22 11:27:01,897 - INFO - PAPER TRADE: Short spread - Sell ADA/USDT, Buy BNB/USDT
2025-06-22 11:27:01,897 - INFO - Initialized LivePairTrader: ADA/USDT vs BNB/USDT
2025-06-22 11:27:01,897 - INFO - Initial Capital: $1,000.00
2025-06-22 11:27:01,897 - INFO - Paper Trading: True
2025-06-22 11:27:01,897 - INFO - Initialized LivePairTrader: ADA/USDT vs BNB/USDT
2025-06-22 11:27:01,897 - INFO - Initial Capital: $1,000.00
2025-06-22 11:27:01,897 - INFO - Paper Trading: True
2025-06-22 11:27:01,897 - INFO - Initialized LivePairTrader: ADA/USDT vs BNB/USDT
2025-06-22 11:27:01,897 - INFO - Initial Capital: $1,000.00
2025-06-22 11:27:01,897 - INFO - Paper Trading: True
2025-06-22 11:27:01,897 - INFO - Initialized LivePairTrader: ADA/USDT vs BNB/USDT
2025-06-22 11:27:01,897 - INFO - Initial Capital: $1,000.00
2025-06-22 11:27:01,897 - INFO - Paper Trading: True
2025-06-22 11:27:01,897 - INFO - PAPER TRADE: Long spread - Buy ADA/USDT, Sell BNB/USDT
2025-06-22 11:30:24,121 - INFO - Running backtest for ADA/USDT vs BNB/USDT
2025-06-22 11:30:24,121 - INFO - Period: 2025-05-23 to 2025-06-22
2025-06-22 11:30:24,122 - INFO - Initial capital: $1,000.00
2025-06-22 11:30:24,180 - INFO - Initialized LivePairTrader: ADA/USDT vs BNB/USDT
2025-06-22 11:30:24,180 - INFO - Initial Capital: $1,000.00
2025-06-22 11:30:24,180 - INFO - Paper Trading: True
2025-06-22 11:30:24,182 - INFO - PAPER TRADE: Long spread - Buy ADA/USDT, Sell BNB/USDT
2025-06-22 11:30:24,183 - INFO - Closed all positions. Cash: $7.63
2025-06-22 11:30:24,183 - INFO - PAPER TRADE: Short spread - Sell ADA/USDT, Buy BNB/USDT
2025-06-22 11:30:24,185 - INFO - Closed all positions. Cash: $2.66
2025-06-22 11:30:24,185 - INFO - PAPER TRADE: Long spread - Buy ADA/USDT, Sell BNB/USDT
2025-06-22 11:30:24,197 - INFO - Closed all positions. Cash: $-22.89
2025-06-22 11:30:24,197 - INFO - PAPER TRADE: Short spread - Sell ADA/USDT, Buy BNB/USDT
2025-06-22 11:30:24,198 - INFO - Closed all positions. Cash: $19.36
2025-06-22 11:30:24,198 - INFO - PAPER TRADE: Long spread - Buy ADA/USDT, Sell BNB/USDT
2025-06-22 11:30:24,206 - INFO - Closed all positions. Cash: $8.97
2025-06-22 11:30:24,206 - INFO - PAPER TRADE: Short spread - Sell ADA/USDT, Buy BNB/USDT
2025-06-22 11:30:24,209 - INFO - Closed all positions. Cash: $7.25
2025-06-22 11:30:24,209 - INFO - PAPER TRADE: Long spread - Buy ADA/USDT, Sell BNB/USDT
2025-06-22 11:30:24,214 - INFO - Closed all positions. Cash: $3.95
2025-06-22 11:30:24,214 - INFO - PAPER TRADE: Short spread - Sell ADA/USDT, Buy BNB/USDT
2025-06-22 11:30:24,215 - INFO - Closed all positions. Cash: $17.69
2025-06-22 11:30:24,215 - INFO - PAPER TRADE: Long spread - Buy ADA/USDT, Sell BNB/USDT
2025-06-22 11:30:24,217 - INFO - Closed all positions. Cash: $9.32
2025-06-22 11:30:24,217 - INFO - PAPER TRADE: Short spread - Sell ADA/USDT, Buy BNB/USDT
2025-06-22 11:30:24,222 - INFO - Closed all positions. Cash: $0.80
2025-06-22 11:30:24,222 - INFO - PAPER TRADE: Long spread - Buy ADA/USDT, Sell BNB/USDT
2025-06-22 11:30:24,223 - INFO - Closed all positions. Cash: $7.20
2025-06-22 11:30:24,223 - INFO - PAPER TRADE: Short spread - Sell ADA/USDT, Buy BNB/USDT
2025-06-22 11:30:24,233 - INFO - Closed all positions. Cash: $-12.30
2025-06-22 11:30:24,233 - INFO - PAPER TRADE: Long spread - Buy ADA/USDT, Sell BNB/USDT
2025-06-22 11:31:36,745 - INFO - Running backtest for ADA/USDT vs BNB/USDT
2025-06-22 11:31:36,745 - INFO - Period: 2025-05-23 to 2025-06-22
2025-06-22 11:31:36,745 - INFO - Initial capital: $1,000.00
2025-06-22 11:31:36,745 - INFO - Z-threshold: 2.5, Lookback: 20
2025-06-22 11:31:36,803 - INFO - Initialized LivePairTrader: ADA/USDT vs BNB/USDT
2025-06-22 11:31:36,804 - INFO - Initial Capital: $1,000.00
2025-06-22 11:31:36,804 - INFO - Paper Trading: True
2025-06-22 11:31:36,807 - INFO - PAPER TRADE: Short spread - Sell ADA/USDT, Buy BNB/USDT
2025-06-22 11:31:36,810 - INFO - Closed all positions. Cash: $13.61
2025-06-22 11:31:36,810 - INFO - PAPER TRADE: Long spread - Buy ADA/USDT, Sell BNB/USDT
2025-06-22 11:31:36,829 - INFO - Closed all positions. Cash: $-27.30
2025-06-22 11:31:36,829 - INFO - PAPER TRADE: Short spread - Sell ADA/USDT, Buy BNB/USDT
2025-06-22 11:31:36,834 - INFO - Closed all positions. Cash: $16.78
2025-06-22 11:31:36,834 - INFO - PAPER TRADE: Long spread - Buy ADA/USDT, Sell BNB/USDT
2025-06-22 11:31:36,836 - INFO - Closed all positions. Cash: $11.11
2025-06-22 11:31:36,836 - INFO - PAPER TRADE: Short spread - Sell ADA/USDT, Buy BNB/USDT
2025-06-22 11:31:36,837 - INFO - Closed all positions. Cash: $20.81
2025-06-22 11:31:36,837 - INFO - PAPER TRADE: Long spread - Buy ADA/USDT, Sell BNB/USDT
2025-06-22 11:31:36,839 - INFO - Closed all positions. Cash: $18.74
2025-06-22 11:31:36,839 - INFO - PAPER TRADE: Short spread - Sell ADA/USDT, Buy BNB/USDT
2025-06-22 11:31:46,579 - INFO - Running backtest for SOL/USDT vs ADA/USDT
2025-06-22 11:31:46,579 - INFO - Period: 2025-05-23 to 2025-06-22
2025-06-22 11:31:46,579 - INFO - Initial capital: $1,000.00
2025-06-22 11:31:46,579 - INFO - Z-threshold: 2.5, Lookback: 20
2025-06-22 11:31:46,635 - INFO - Initialized LivePairTrader: SOL/USDT vs ADA/USDT
2025-06-22 11:31:46,635 - INFO - Initial Capital: $1,000.00
2025-06-22 11:31:46,635 - INFO - Paper Trading: True
2025-06-22 11:31:46,637 - INFO - PAPER TRADE: Long spread - Buy SOL/USDT, Sell ADA/USDT
2025-06-22 11:31:46,648 - INFO - Closed all positions. Cash: $5.46
2025-06-22 11:31:46,649 - INFO - PAPER TRADE: Short spread - Sell SOL/USDT, Buy ADA/USDT
2025-06-22 11:31:46,651 - INFO - Closed all positions. Cash: $11.57
2025-06-22 11:31:46,651 - INFO - PAPER TRADE: Long spread - Buy SOL/USDT, Sell ADA/USDT
2025-06-22 11:31:46,656 - INFO - Closed all positions. Cash: $6.44
2025-06-22 11:31:46,656 - INFO - PAPER TRADE: Short spread - Sell SOL/USDT, Buy ADA/USDT
2025-06-22 11:31:46,671 - INFO - Closed all positions. Cash: $12.01
2025-06-22 11:31:46,671 - INFO - PAPER TRADE: Long spread - Buy SOL/USDT, Sell ADA/USDT
2025-06-22 11:31:46,683 - INFO - Closed all positions. Cash: $22.29
2025-06-22 11:31:46,683 - INFO - PAPER TRADE: Short spread - Sell SOL/USDT, Buy ADA/USDT
2025-06-22 11:32:23,037 - INFO - Running backtest for SOL/USDT vs ADA/USDT
2025-06-22 11:32:23,037 - INFO - Period: 2025-05-23 to 2025-06-22
2025-06-22 11:32:23,037 - INFO - Initial capital: $1,000.00
2025-06-22 11:32:23,037 - INFO - Z-threshold: 2.5, Lookback: 20
2025-06-22 11:32:23,096 - INFO - Initialized LivePairTrader: SOL/USDT vs ADA/USDT
2025-06-22 11:32:23,096 - INFO - Initial Capital: $1,000.00
2025-06-22 11:32:23,096 - INFO - Paper Trading: True
2025-06-22 11:32:23,098 - INFO - PAPER TRADE: Long spread - Buy SOL/USDT, Sell ADA/USDT
2025-06-22 11:32:23,110 - INFO - Closed all positions. Cash: $5.46
2025-06-22 11:32:23,110 - INFO - PAPER TRADE: Short spread - Sell SOL/USDT, Buy ADA/USDT
2025-06-22 11:32:23,112 - INFO - Closed all positions. Cash: $11.57
2025-06-22 11:32:23,112 - INFO - PAPER TRADE: Long spread - Buy SOL/USDT, Sell ADA/USDT
2025-06-22 11:32:23,117 - INFO - Closed all positions. Cash: $6.44
2025-06-22 11:32:23,117 - INFO - PAPER TRADE: Short spread - Sell SOL/USDT, Buy ADA/USDT
2025-06-22 11:32:23,132 - INFO - Closed all positions. Cash: $12.01
2025-06-22 11:32:23,132 - INFO - PAPER TRADE: Long spread - Buy SOL/USDT, Sell ADA/USDT
2025-06-22 11:32:23,144 - INFO - Closed all positions. Cash: $22.29
2025-06-22 11:32:23,144 - INFO - PAPER TRADE: Short spread - Sell SOL/USDT, Buy ADA/USDT
2025-06-22 11:32:57,467 - INFO - Running backtest for SOL/USDT vs ADA/USDT
2025-06-22 11:32:57,467 - INFO - Period: 2025-05-23 to 2025-06-22
2025-06-22 11:32:57,467 - INFO - Initial capital: $1,000.00
2025-06-22 11:32:57,467 - INFO - Z-threshold: 2.5, Lookback: 20
2025-06-22 11:32:57,533 - INFO - Initialized LivePairTrader: SOL/USDT vs ADA/USDT
2025-06-22 11:32:57,533 - INFO - Initial Capital: $1,000.00
2025-06-22 11:32:57,534 - INFO - Paper Trading: True
2025-06-22 11:32:57,536 - INFO - PAPER TRADE: Long spread - Buy SOL/USDT, Sell ADA/USDT
2025-06-22 11:32:57,547 - INFO - Closed all positions. Cash: $5.46
2025-06-22 11:32:57,548 - INFO - PAPER TRADE: Short spread - Sell SOL/USDT, Buy ADA/USDT
2025-06-22 11:32:57,549 - INFO - Closed all positions. Cash: $11.57
2025-06-22 11:32:57,550 - INFO - PAPER TRADE: Long spread - Buy SOL/USDT, Sell ADA/USDT
2025-06-22 11:32:57,554 - INFO - Closed all positions. Cash: $6.44
2025-06-22 11:32:57,554 - INFO - PAPER TRADE: Short spread - Sell SOL/USDT, Buy ADA/USDT
2025-06-22 11:32:57,568 - INFO - Closed all positions. Cash: $12.01
2025-06-22 11:32:57,569 - INFO - PAPER TRADE: Long spread - Buy SOL/USDT, Sell ADA/USDT
2025-06-22 11:32:57,581 - INFO - Closed all positions. Cash: $22.29
2025-06-22 11:32:57,581 - INFO - PAPER TRADE: Short spread - Sell SOL/USDT, Buy ADA/USDT
2025-06-22 11:33:19,233 - INFO - Running backtest for SOL/USDT vs ADA/USDT
2025-06-22 11:33:19,233 - INFO - Period: 2025-05-23 to 2025-06-22
2025-06-22 11:33:19,233 - INFO - Initial capital: $1,000.00
2025-06-22 11:33:19,233 - INFO - Z-threshold: 2.5, Lookback: 20
2025-06-22 11:33:19,302 - INFO - Initialized LivePairTrader: SOL/USDT vs ADA/USDT
2025-06-22 11:33:19,302 - INFO - Initial Capital: $1,000.00
2025-06-22 11:33:19,302 - INFO - Paper Trading: True
2025-06-22 11:33:19,304 - INFO - PAPER TRADE: Long spread - Buy SOL/USDT, Sell ADA/USDT
2025-06-22 11:33:19,316 - INFO - Closed all positions. Cash: $5.46
2025-06-22 11:33:19,316 - INFO - PAPER TRADE: Short spread - Sell SOL/USDT, Buy ADA/USDT
2025-06-22 11:33:19,318 - INFO - Closed all positions. Cash: $11.57
2025-06-22 11:33:19,318 - INFO - PAPER TRADE: Long spread - Buy SOL/USDT, Sell ADA/USDT
2025-06-22 11:33:19,323 - INFO - Closed all positions. Cash: $6.44
2025-06-22 11:33:19,323 - INFO - PAPER TRADE: Short spread - Sell SOL/USDT, Buy ADA/USDT
2025-06-22 11:33:19,338 - INFO - Closed all positions. Cash: $12.01
2025-06-22 11:33:19,338 - INFO - PAPER TRADE: Long spread - Buy SOL/USDT, Sell ADA/USDT
2025-06-22 11:33:19,350 - INFO - Closed all positions. Cash: $22.29
2025-06-22 11:33:19,351 - INFO - PAPER TRADE: Short spread - Sell SOL/USDT, Buy ADA/USDT
2025-06-22 11:33:41,071 - INFO - Running backtest for SOL/USDT vs ADA/USDT
2025-06-22 11:33:41,071 - INFO - Period: 2025-05-23 to 2025-06-22
2025-06-22 11:33:41,072 - INFO - Initial capital: $1,000.00
2025-06-22 11:33:41,072 - INFO - Z-threshold: 2.5, Lookback: 20
2025-06-22 11:33:41,146 - INFO - Initialized LivePairTrader: SOL/USDT vs ADA/USDT
2025-06-22 11:33:41,146 - INFO - Initial Capital: $1,000.00
2025-06-22 11:33:41,146 - INFO - Paper Trading: True
2025-06-22 11:33:41,149 - INFO - PAPER TRADE: Long spread - Buy SOL/USDT, Sell ADA/USDT
2025-06-22 11:33:41,161 - INFO - Closed all positions. Cash: $5.46
2025-06-22 11:33:41,161 - INFO - PAPER TRADE: Short spread - Sell SOL/USDT, Buy ADA/USDT
2025-06-22 11:33:41,163 - INFO - Closed all positions. Cash: $11.57
2025-06-22 11:33:41,163 - INFO - PAPER TRADE: Long spread - Buy SOL/USDT, Sell ADA/USDT
2025-06-22 11:33:41,167 - INFO - Closed all positions. Cash: $6.44
2025-06-22 11:33:41,167 - INFO - PAPER TRADE: Short spread - Sell SOL/USDT, Buy ADA/USDT
2025-06-22 11:33:41,181 - INFO - Closed all positions. Cash: $12.01
2025-06-22 11:33:41,181 - INFO - PAPER TRADE: Long spread - Buy SOL/USDT, Sell ADA/USDT
2025-06-22 11:33:41,192 - INFO - Closed all positions. Cash: $22.29
2025-06-22 11:33:41,192 - INFO - PAPER TRADE: Short spread - Sell SOL/USDT, Buy ADA/USDT
2025-06-22 11:35:49,724 - INFO - Running backtest for ADA/USDT vs BNB/USDT
2025-06-22 11:35:49,725 - INFO - Period: 2025-05-23 to 2025-06-22
2025-06-22 11:35:49,725 - INFO - Initial capital: $1,000.00
2025-06-22 11:35:49,725 - INFO - Z-threshold: 2.0, Lookback: 20
2025-06-22 11:35:49,794 - INFO - Initialized LivePairTrader: ADA/USDT vs BNB/USDT
2025-06-22 11:35:49,794 - INFO - Initial Capital: $1,000.00
2025-06-22 11:35:49,794 - INFO - Paper Trading: True
2025-06-22 11:35:49,796 - INFO - PAPER TRADE: Long spread - Buy ADA/USDT, Sell BNB/USDT
2025-06-22 11:35:49,798 - INFO - Closed all positions. Cash: $7.63
2025-06-22 11:35:49,798 - INFO - PAPER TRADE: Short spread - Sell ADA/USDT, Buy BNB/USDT
2025-06-22 11:35:49,800 - INFO - Closed all positions. Cash: $2.66
2025-06-22 11:35:49,800 - INFO - PAPER TRADE: Long spread - Buy ADA/USDT, Sell BNB/USDT
2025-06-22 11:35:49,812 - INFO - Closed all positions. Cash: $-22.89
2025-06-22 11:35:49,812 - INFO - PAPER TRADE: Short spread - Sell ADA/USDT, Buy BNB/USDT
2025-06-22 11:35:49,813 - INFO - Closed all positions. Cash: $19.36
2025-06-22 11:35:49,813 - INFO - PAPER TRADE: Long spread - Buy ADA/USDT, Sell BNB/USDT
2025-06-22 11:35:49,821 - INFO - Closed all positions. Cash: $8.97
2025-06-22 11:35:49,821 - INFO - PAPER TRADE: Short spread - Sell ADA/USDT, Buy BNB/USDT
2025-06-22 11:35:49,823 - INFO - Closed all positions. Cash: $7.25
2025-06-22 11:35:49,823 - INFO - PAPER TRADE: Long spread - Buy ADA/USDT, Sell BNB/USDT
2025-06-22 11:35:49,828 - INFO - Closed all positions. Cash: $3.95
2025-06-22 11:35:49,828 - INFO - PAPER TRADE: Short spread - Sell ADA/USDT, Buy BNB/USDT
2025-06-22 11:35:49,829 - INFO - Closed all positions. Cash: $17.69
2025-06-22 11:35:49,829 - INFO - PAPER TRADE: Long spread - Buy ADA/USDT, Sell BNB/USDT
2025-06-22 11:35:49,831 - INFO - Closed all positions. Cash: $9.32
2025-06-22 11:35:49,831 - INFO - PAPER TRADE: Short spread - Sell ADA/USDT, Buy BNB/USDT
2025-06-22 11:35:49,835 - INFO - Closed all positions. Cash: $0.80
2025-06-22 11:35:49,835 - INFO - PAPER TRADE: Long spread - Buy ADA/USDT, Sell BNB/USDT
2025-06-22 11:35:49,836 - INFO - Closed all positions. Cash: $7.20
2025-06-22 11:35:49,836 - INFO - PAPER TRADE: Short spread - Sell ADA/USDT, Buy BNB/USDT
2025-06-22 11:35:49,846 - INFO - Closed all positions. Cash: $-12.30
2025-06-22 11:35:49,846 - INFO - PAPER TRADE: Long spread - Buy ADA/USDT, Sell BNB/USDT
2025-06-22 11:43:25,030 - INFO - Running backtest for ADA/USDT vs BNB/USDT
2025-06-22 11:43:25,030 - INFO - Period: 2025-05-23 to 2025-06-22
2025-06-22 11:43:25,030 - INFO - Initial capital: $1,000.00
2025-06-22 11:43:25,030 - INFO - Z-threshold: 2.5, Lookback: 20
2025-06-22 11:43:25,086 - INFO - Initialized LivePairTrader: ADA/USDT vs BNB/USDT
2025-06-22 11:43:25,086 - INFO - Initial Capital: $1,000.00
2025-06-22 11:43:25,086 - INFO - Paper Trading: True
2025-06-22 11:43:25,089 - INFO - PAPER TRADE: Short spread - Sell ADA/USDT, Buy BNB/USDT
2025-06-22 11:43:25,093 - INFO - Closed all positions. Cash: $13.61
2025-06-22 11:43:25,093 - INFO - PAPER TRADE: Long spread - Buy ADA/USDT, Sell BNB/USDT
2025-06-22 11:43:25,111 - INFO - Closed all positions. Cash: $-27.30
2025-06-22 11:43:25,111 - INFO - PAPER TRADE: Short spread - Sell ADA/USDT, Buy BNB/USDT
2025-06-22 11:43:25,116 - INFO - Closed all positions. Cash: $16.78
2025-06-22 11:43:25,116 - INFO - PAPER TRADE: Long spread - Buy ADA/USDT, Sell BNB/USDT
2025-06-22 11:43:25,118 - INFO - Closed all positions. Cash: $11.11
2025-06-22 11:43:25,118 - INFO - PAPER TRADE: Short spread - Sell ADA/USDT, Buy BNB/USDT
2025-06-22 11:43:25,119 - INFO - Closed all positions. Cash: $20.81
2025-06-22 11:43:25,119 - INFO - PAPER TRADE: Long spread - Buy ADA/USDT, Sell BNB/USDT
2025-06-22 11:43:25,121 - INFO - Closed all positions. Cash: $18.74
2025-06-22 11:43:25,121 - INFO - PAPER TRADE: Short spread - Sell ADA/USDT, Buy BNB/USDT
2025-06-22 11:44:13,387 - INFO - Running backtest for ADA/USDT vs BNB/USDT
2025-06-22 11:44:13,387 - INFO - Period: 2025-05-23 to 2025-06-22
2025-06-22 11:44:13,387 - INFO - Initial capital: $1,000.00
2025-06-22 11:44:13,387 - INFO - Z-threshold: 2.5, Lookback: 20
2025-06-22 11:44:13,445 - INFO - Initialized LivePairTrader: ADA/USDT vs BNB/USDT
2025-06-22 11:44:13,445 - INFO - Initial Capital: $1,000.00
2025-06-22 11:44:13,445 - INFO - Paper Trading: True
2025-06-22 11:44:13,448 - INFO - PAPER TRADE: Short spread - Sell ADA/USDT, Buy BNB/USDT
2025-06-22 11:44:13,452 - INFO - Closed all positions. Cash: $10.89
2025-06-22 11:44:13,452 - WARNING - Portfolio too small to trade: $10.89
2025-06-22 11:44:13,452 - INFO - Position sizes are zero - stopping trading
2025-06-22 11:44:13,452 - WARNING - Portfolio too small to trade: $10.89
2025-06-22 11:44:13,452 - INFO - Position sizes are zero - stopping trading
2025-06-22 11:44:13,455 - WARNING - Portfolio too small to trade: $10.89
2025-06-22 11:44:13,455 - INFO - Position sizes are zero - stopping trading
2025-06-22 11:44:13,455 - WARNING - Portfolio too small to trade: $10.89
2025-06-22 11:44:13,456 - INFO - Position sizes are zero - stopping trading
2025-06-22 11:44:13,456 - WARNING - Portfolio too small to trade: $10.89
2025-06-22 11:44:13,456 - INFO - Position sizes are zero - stopping trading
2025-06-22 11:44:13,459 - WARNING - Portfolio too small to trade: $10.89
2025-06-22 11:44:13,459 - INFO - Position sizes are zero - stopping trading
2025-06-22 11:44:13,462 - WARNING - Portfolio too small to trade: $10.89
2025-06-22 11:44:13,462 - INFO - Position sizes are zero - stopping trading
2025-06-22 11:44:13,466 - WARNING - Portfolio too small to trade: $10.89
2025-06-22 11:44:13,466 - INFO - Position sizes are zero - stopping trading
2025-06-22 11:44:13,470 - WARNING - Portfolio too small to trade: $10.89
2025-06-22 11:44:13,471 - INFO - Position sizes are zero - stopping trading
2025-06-22 11:44:13,475 - WARNING - Portfolio too small to trade: $10.89
2025-06-22 11:44:13,475 - INFO - Position sizes are zero - stopping trading
2025-06-22 11:44:13,478 - WARNING - Portfolio too small to trade: $10.89
2025-06-22 11:44:13,478 - INFO - Position sizes are zero - stopping trading
2025-06-22 11:44:13,479 - WARNING - Portfolio too small to trade: $10.89
2025-06-22 11:44:13,479 - INFO - Position sizes are zero - stopping trading
2025-06-22 11:44:13,481 - WARNING - Portfolio too small to trade: $10.89
2025-06-22 11:44:13,481 - INFO - Position sizes are zero - stopping trading
2025-06-22 11:44:13,490 - WARNING - Portfolio too small to trade: $10.89
2025-06-22 11:44:13,490 - INFO - Position sizes are zero - stopping trading
2025-06-22 11:44:32,471 - INFO - Running backtest for ADA/USDT vs BNB/USDT
2025-06-22 11:44:32,472 - INFO - Period: 2025-05-23 to 2025-06-22
2025-06-22 11:44:32,472 - INFO - Initial capital: $1,000.00
2025-06-22 11:44:32,472 - INFO - Z-threshold: 3.0, Lookback: 50
2025-06-22 11:44:32,533 - INFO - Initialized LivePairTrader: ADA/USDT vs BNB/USDT
2025-06-22 11:44:32,533 - INFO - Initial Capital: $1,000.00
2025-06-22 11:44:32,533 - INFO - Paper Trading: True
2025-06-22 11:44:32,546 - INFO - PAPER TRADE: Long spread - Buy ADA/USDT, Sell BNB/USDT
2025-06-22 11:44:32,576 - INFO - Closed all positions. Cash: $1.95
2025-06-22 11:44:32,576 - WARNING - Portfolio too small to trade: $1.95
2025-06-22 11:44:32,576 - INFO - Position sizes are zero - stopping trading
2025-06-22 11:44:32,576 - WARNING - Portfolio too small to trade: $1.95
2025-06-22 11:44:32,576 - INFO - Position sizes are zero - stopping trading
2025-06-22 11:44:32,576 - WARNING - Portfolio too small to trade: $1.95
2025-06-22 11:44:32,576 - INFO - Position sizes are zero - stopping trading
2025-06-22 11:44:32,576 - WARNING - Portfolio too small to trade: $1.95
2025-06-22 11:44:32,576 - INFO - Position sizes are zero - stopping trading
2025-06-22 11:44:32,576 - WARNING - Portfolio too small to trade: $1.95
2025-06-22 11:44:32,576 - INFO - Position sizes are zero - stopping trading
2025-06-22 11:44:43,605 - INFO - Running backtest for SOL/USDT vs ADA/USDT
2025-06-22 11:44:43,605 - INFO - Period: 2025-05-23 to 2025-06-22
2025-06-22 11:44:43,605 - INFO - Initial capital: $1,000.00
2025-06-22 11:44:43,605 - INFO - Z-threshold: 2.5, Lookback: 20
2025-06-22 11:44:43,665 - INFO - Initialized LivePairTrader: SOL/USDT vs ADA/USDT
2025-06-22 11:44:43,665 - INFO - Initial Capital: $1,000.00
2025-06-22 11:44:43,665 - INFO - Paper Trading: True
2025-06-22 11:44:43,667 - INFO - PAPER TRADE: Long spread - Buy SOL/USDT, Sell ADA/USDT
2025-06-22 11:44:43,679 - INFO - Closed all positions. Cash: $4.37
2025-06-22 11:44:43,679 - WARNING - Portfolio too small to trade: $4.37
2025-06-22 11:44:43,679 - INFO - Position sizes are zero - stopping trading
2025-06-22 11:44:43,681 - WARNING - Portfolio too small to trade: $4.37
2025-06-22 11:44:43,681 - INFO - Position sizes are zero - stopping trading
2025-06-22 11:44:43,686 - WARNING - Portfolio too small to trade: $4.37
2025-06-22 11:44:43,686 - INFO - Position sizes are zero - stopping trading
2025-06-22 11:44:43,701 - WARNING - Portfolio too small to trade: $4.37
2025-06-22 11:44:43,702 - INFO - Position sizes are zero - stopping trading
2025-06-22 11:44:43,714 - WARNING - Portfolio too small to trade: $4.37
2025-06-22 11:44:43,714 - INFO - Position sizes are zero - stopping trading
2025-06-22 11:44:43,718 - WARNING - Portfolio too small to trade: $4.37
2025-06-22 11:44:43,718 - INFO - Position sizes are zero - stopping trading
2025-06-22 11:44:43,719 - WARNING - Portfolio too small to trade: $4.37
2025-06-22 11:44:43,719 - INFO - Position sizes are zero - stopping trading
2025-06-22 11:45:33,247 - INFO - Running backtest for SOL/USDT vs ADA/USDT
2025-06-22 11:45:33,247 - INFO - Period: 2025-05-23 to 2025-06-22
2025-06-22 11:45:33,247 - INFO - Initial capital: $1,000.00
2025-06-22 11:45:33,247 - INFO - Z-threshold: 2.5, Lookback: 20
2025-06-22 11:45:33,321 - INFO - Initialized LivePairTrader: SOL/USDT vs ADA/USDT
2025-06-22 11:45:33,321 - INFO - Initial Capital: $1,000.00
2025-06-22 11:45:33,321 - INFO - Paper Trading: True
2025-06-22 11:45:33,324 - INFO - PAPER TRADE: Long spread - Buy SOL/USDT, Sell ADA/USDT
2025-06-22 11:45:33,336 - INFO - Closed all positions. Cash: $0.55
2025-06-22 11:45:33,336 - WARNING - Portfolio too small to trade: $0.55
2025-06-22 11:45:33,336 - INFO - Position sizes are zero - stopping trading
2025-06-22 11:45:33,338 - WARNING - Portfolio too small to trade: $0.55
2025-06-22 11:45:33,338 - INFO - Position sizes are zero - stopping trading
2025-06-22 11:45:33,343 - WARNING - Portfolio too small to trade: $0.55
2025-06-22 11:45:33,343 - INFO - Position sizes are zero - stopping trading
2025-06-22 11:45:33,357 - WARNING - Portfolio too small to trade: $0.55
2025-06-22 11:45:33,357 - INFO - Position sizes are zero - stopping trading
2025-06-22 11:45:33,368 - WARNING - Portfolio too small to trade: $0.55
2025-06-22 11:45:33,368 - INFO - Position sizes are zero - stopping trading
2025-06-22 11:45:33,372 - WARNING - Portfolio too small to trade: $0.55
2025-06-22 11:45:33,372 - INFO - Position sizes are zero - stopping trading
2025-06-22 11:45:33,372 - WARNING - Portfolio too small to trade: $0.55
2025-06-22 11:45:33,372 - INFO - Position sizes are zero - stopping trading
2025-06-22 11:46:58,100 - INFO - Initialized LivePairTrader: SOL/USDT vs ADA/USDT
2025-06-22 11:46:58,100 - INFO - Initial Capital: $1,000.00
2025-06-22 11:46:58,100 - INFO - Paper Trading: True
2025-06-22 11:46:58,101 - INFO - PAPER TRADE: Long spread - Buy SOL/USDT, Sell ADA/USDT
2025-06-22 11:46:58,101 - INFO - Closed all positions. Cash: $-1.58
2025-06-22 11:47:40,285 - INFO - Initialized LivePairTrader: SOL/USDT vs ADA/USDT
2025-06-22 11:47:40,285 - INFO - Initial Capital: $1,000.00
2025-06-22 11:47:40,285 - INFO - Paper Trading: True
2025-06-22 11:47:40,285 - INFO - PAPER TRADE: Long spread - Buy SOL/USDT, Sell ADA/USDT
2025-06-22 11:47:40,285 - INFO - Cash change: $0.00, New cash: $1000.00
2025-06-22 11:47:40,285 - INFO - Closed all positions. Cash: $-1.58
2025-06-22 11:48:06,200 - INFO - Initialized LivePairTrader: SOL/USDT vs ADA/USDT
2025-06-22 11:48:06,200 - INFO - Initial Capital: $1,000.00
2025-06-22 11:48:06,200 - INFO - Paper Trading: True
2025-06-22 11:48:06,200 - INFO - PAPER TRADE: Long spread - Buy SOL/USDT, Sell ADA/USDT
2025-06-22 11:48:06,200 - INFO - Cash change: $0.00, New cash: $1000.00
2025-06-22 11:48:06,200 - INFO - Closed all positions. Cash from positions: $-1.58, Total cash: $998.42
2025-06-22 11:48:19,197 - INFO - Running backtest for SOL/USDT vs ADA/USDT
2025-06-22 11:48:19,197 - INFO - Period: 2025-05-23 to 2025-06-22
2025-06-22 11:48:19,197 - INFO - Initial capital: $1,000.00
2025-06-22 11:48:19,197 - INFO - Z-threshold: 2.5, Lookback: 20
2025-06-22 11:48:19,260 - INFO - Initialized LivePairTrader: SOL/USDT vs ADA/USDT
2025-06-22 11:48:19,260 - INFO - Initial Capital: $1,000.00
2025-06-22 11:48:19,260 - INFO - Paper Trading: True
2025-06-22 11:48:19,263 - INFO - PAPER TRADE: Long spread - Buy SOL/USDT, Sell ADA/USDT
2025-06-22 11:48:19,263 - INFO - Cash change: $0.00, New cash: $1000.00
2025-06-22 11:48:19,274 - INFO - Closed all positions. Cash from positions: $0.55, Total cash: $1000.55
2025-06-22 11:48:19,275 - INFO - PAPER TRADE: Short spread - Sell SOL/USDT, Buy ADA/USDT
2025-06-22 11:48:19,275 - INFO - Cash change: $0.00, New cash: $1000.55
2025-06-22 11:48:19,277 - INFO - Closed all positions. Cash from positions: $1.16, Total cash: $1001.70
2025-06-22 11:48:19,277 - INFO - PAPER TRADE: Long spread - Buy SOL/USDT, Sell ADA/USDT
2025-06-22 11:48:19,277 - INFO - Cash change: $0.00, New cash: $1001.70
2025-06-22 11:48:19,281 - INFO - Closed all positions. Cash from positions: $0.65, Total cash: $1002.35
2025-06-22 11:48:19,281 - INFO - PAPER TRADE: Short spread - Sell SOL/USDT, Buy ADA/USDT
2025-06-22 11:48:19,281 - INFO - Cash change: $0.00, New cash: $1002.35
2025-06-22 11:48:19,296 - INFO - Closed all positions. Cash from positions: $1.20, Total cash: $1003.55
2025-06-22 11:48:19,296 - INFO - PAPER TRADE: Long spread - Buy SOL/USDT, Sell ADA/USDT
2025-06-22 11:48:19,296 - INFO - Cash change: $0.00, New cash: $1003.55
2025-06-22 11:48:19,308 - INFO - Closed all positions. Cash from positions: $2.24, Total cash: $1005.79
2025-06-22 11:48:19,308 - INFO - PAPER TRADE: Short spread - Sell SOL/USDT, Buy ADA/USDT
2025-06-22 11:48:19,308 - INFO - Cash change: $0.00, New cash: $1005.79
2025-06-22 12:50:58,869 - INFO - Running backtest for ADA/USDT vs BNB/USDT
2025-06-22 12:50:58,870 - INFO - Period: 2025-05-23 to 2025-06-22
2025-06-22 12:50:58,870 - INFO - Initial capital: $1,000.00
2025-06-22 12:50:58,870 - INFO - Z-threshold: 2.0, Lookback: 20
2025-06-22 12:50:59,012 - INFO - Initialized LivePairTrader: ADA/USDT vs BNB/USDT
2025-06-22 12:50:59,012 - INFO - Initial Capital: $1,000.00
2025-06-22 12:50:59,012 - INFO - Paper Trading: True
2025-06-22 12:50:59,014 - INFO - PAPER TRADE: Long spread - Buy ADA/USDT, Sell BNB/USDT
2025-06-22 12:50:59,014 - INFO - Cash change: $0.00, New cash: $1000.00
2025-06-22 12:50:59,016 - INFO - Closed all positions. Cash from positions: $0.76, Total cash: $1000.76
2025-06-22 12:50:59,016 - INFO - PAPER TRADE: Short spread - Sell ADA/USDT, Buy BNB/USDT
2025-06-22 12:50:59,016 - INFO - Cash change: $-0.00, New cash: $1000.76
2025-06-22 12:50:59,019 - INFO - Closed all positions. Cash from positions: $0.27, Total cash: $1001.03
2025-06-22 12:50:59,019 - INFO - PAPER TRADE: Long spread - Buy ADA/USDT, Sell BNB/USDT
2025-06-22 12:50:59,019 - INFO - Cash change: $0.00, New cash: $1001.03
2025-06-22 12:50:59,032 - INFO - Closed all positions. Cash from positions: $-2.29, Total cash: $998.74
2025-06-22 12:50:59,032 - INFO - PAPER TRADE: Short spread - Sell ADA/USDT, Buy BNB/USDT
2025-06-22 12:50:59,032 - INFO - Cash change: $-0.00, New cash: $998.74
2025-06-22 12:50:59,033 - INFO - Closed all positions. Cash from positions: $1.93, Total cash: $1000.67
2025-06-22 12:50:59,033 - INFO - PAPER TRADE: Long spread - Buy ADA/USDT, Sell BNB/USDT
2025-06-22 12:50:59,033 - INFO - Cash change: $0.00, New cash: $1000.67
2025-06-22 12:50:59,042 - INFO - Closed all positions. Cash from positions: $0.90, Total cash: $1001.57
2025-06-22 12:50:59,042 - INFO - PAPER TRADE: Short spread - Sell ADA/USDT, Buy BNB/USDT
2025-06-22 12:50:59,042 - INFO - Cash change: $0.00, New cash: $1001.57
2025-06-22 12:50:59,045 - INFO - Closed all positions. Cash from positions: $0.73, Total cash: $1002.30
2025-06-22 12:50:59,045 - INFO - PAPER TRADE: Long spread - Buy ADA/USDT, Sell BNB/USDT
2025-06-22 12:50:59,045 - INFO - Cash change: $0.00, New cash: $1002.30
2025-06-22 12:50:59,050 - INFO - Closed all positions. Cash from positions: $0.40, Total cash: $1002.69
2025-06-22 12:50:59,050 - INFO - PAPER TRADE: Short spread - Sell ADA/USDT, Buy BNB/USDT
2025-06-22 12:50:59,050 - INFO - Cash change: $0.00, New cash: $1002.69
2025-06-22 12:50:59,051 - INFO - Closed all positions. Cash from positions: $1.77, Total cash: $1004.47
2025-06-22 12:50:59,051 - INFO - PAPER TRADE: Long spread - Buy ADA/USDT, Sell BNB/USDT
2025-06-22 12:50:59,051 - INFO - Cash change: $0.00, New cash: $1004.47
2025-06-22 12:50:59,053 - INFO - Closed all positions. Cash from positions: $0.94, Total cash: $1005.40
2025-06-22 12:50:59,053 - INFO - PAPER TRADE: Short spread - Sell ADA/USDT, Buy BNB/USDT
2025-06-22 12:50:59,053 - INFO - Cash change: $0.00, New cash: $1005.40
2025-06-22 12:50:59,057 - INFO - Closed all positions. Cash from positions: $0.08, Total cash: $1005.48
2025-06-22 12:50:59,057 - INFO - PAPER TRADE: Long spread - Buy ADA/USDT, Sell BNB/USDT
2025-06-22 12:50:59,057 - INFO - Cash change: $0.00, New cash: $1005.48
2025-06-22 12:50:59,059 - INFO - Closed all positions. Cash from positions: $0.72, Total cash: $1006.21
2025-06-22 12:50:59,059 - INFO - PAPER TRADE: Short spread - Sell ADA/USDT, Buy BNB/USDT
2025-06-22 12:50:59,059 - INFO - Cash change: $0.00, New cash: $1006.21
2025-06-22 12:50:59,069 - INFO - Closed all positions. Cash from positions: $-1.24, Total cash: $1004.97
2025-06-22 12:50:59,070 - INFO - PAPER TRADE: Long spread - Buy ADA/USDT, Sell BNB/USDT
2025-06-22 12:50:59,070 - INFO - Cash change: $0.00, New cash: $1004.97
